{"contracts/interfaces/IERC20.sol":{"l":{},"path":"/home/bhupendra/token-lock/contracts/interfaces/IERC20.sol","s":{},"b":{},"f":{},"fnMap":{},"statementMap":{},"branchMap":{}},"contracts/libraries/math/SafeMath.sol":{"l":{"29":0,"30":0,"31":0,"44":0,"45":0,"61":0,"62":0,"63":0,"64":0,"77":0,"78":0,"91":0,"92":0,"106":8,"107":8,"108":8,"122":0,"123":0,"137":0,"138":0,"139":0,"140":0,"156":0,"157":0,"173":0,"174":0,"195":0,"196":0,"219":0,"220":0,"243":0,"244":0},"path":"/home/bhupendra/token-lock/contracts/libraries/math/SafeMath.sol","s":{"1":0,"2":0,"3":0,"4":0,"5":0,"6":0,"7":0,"8":0,"9":0,"10":0,"11":0,"12":0,"13":0,"14":0,"15":0,"16":0,"17":0,"18":0,"19":0,"20":8,"21":8,"22":8,"23":0,"24":0,"25":0,"26":0,"27":0,"28":0,"29":0,"30":0,"31":0,"32":0,"33":0,"34":0,"35":0,"36":0,"37":0,"38":0,"39":0},"b":{"1":[0,0],"2":[0,0],"3":[0,0],"4":[0,0],"5":[0,0],"6":[0,0],"7":[8,0],"8":[0,0],"9":[0,0],"10":[0,0],"11":[0,0],"12":[0,0],"13":[0,0],"14":[0,0],"15":[0,0]},"f":{"1":0,"2":0,"3":0,"4":0,"5":0,"6":8,"7":0,"8":0,"9":0,"10":0,"11":0,"12":0,"13":0},"fnMap":{"1":{"name":"tryAdd","line":24,"loc":{"start":{"line":24,"column":4},"end":{"line":32,"column":4}}},"2":{"name":"trySub","line":39,"loc":{"start":{"line":39,"column":4},"end":{"line":46,"column":4}}},"3":{"name":"tryMul","line":53,"loc":{"start":{"line":53,"column":4},"end":{"line":65,"column":4}}},"4":{"name":"tryDiv","line":72,"loc":{"start":{"line":72,"column":4},"end":{"line":79,"column":4}}},"5":{"name":"tryMod","line":86,"loc":{"start":{"line":86,"column":4},"end":{"line":93,"column":4}}},"6":{"name":"add","line":105,"loc":{"start":{"line":105,"column":4},"end":{"line":109,"column":4}}},"7":{"name":"sub","line":121,"loc":{"start":{"line":121,"column":4},"end":{"line":124,"column":4}}},"8":{"name":"mul","line":136,"loc":{"start":{"line":136,"column":4},"end":{"line":141,"column":4}}},"9":{"name":"div","line":155,"loc":{"start":{"line":155,"column":4},"end":{"line":158,"column":4}}},"10":{"name":"mod","line":172,"loc":{"start":{"line":172,"column":4},"end":{"line":175,"column":4}}},"11":{"name":"sub","line":190,"loc":{"start":{"line":190,"column":4},"end":{"line":197,"column":4}}},"12":{"name":"div","line":214,"loc":{"start":{"line":214,"column":4},"end":{"line":221,"column":4}}},"13":{"name":"mod","line":238,"loc":{"start":{"line":238,"column":4},"end":{"line":245,"column":4}}}},"statementMap":{"1":{"start":{"line":29,"column":8},"end":{"line":29,"column":25}},"2":{"start":{"line":30,"column":8},"end":{"line":30,"column":36}},"3":{"start":{"line":30,"column":19},"end":{"line":30,"column":36}},"4":{"start":{"line":31,"column":8},"end":{"line":31,"column":24}},"5":{"start":{"line":44,"column":8},"end":{"line":44,"column":36}},"6":{"start":{"line":44,"column":19},"end":{"line":44,"column":36}},"7":{"start":{"line":45,"column":8},"end":{"line":45,"column":28}},"8":{"start":{"line":61,"column":8},"end":{"line":61,"column":36}},"9":{"start":{"line":61,"column":20},"end":{"line":61,"column":36}},"10":{"start":{"line":62,"column":8},"end":{"line":62,"column":25}},"11":{"start":{"line":63,"column":8},"end":{"line":63,"column":41}},"12":{"start":{"line":63,"column":24},"end":{"line":63,"column":41}},"13":{"start":{"line":64,"column":8},"end":{"line":64,"column":24}},"14":{"start":{"line":77,"column":8},"end":{"line":77,"column":37}},"15":{"start":{"line":77,"column":20},"end":{"line":77,"column":37}},"16":{"start":{"line":78,"column":8},"end":{"line":78,"column":28}},"17":{"start":{"line":91,"column":8},"end":{"line":91,"column":37}},"18":{"start":{"line":91,"column":20},"end":{"line":91,"column":37}},"19":{"start":{"line":92,"column":8},"end":{"line":92,"column":28}},"20":{"start":{"line":106,"column":8},"end":{"line":106,"column":25}},"21":{"start":{"line":107,"column":8},"end":{"line":107,"column":53}},"22":{"start":{"line":108,"column":8},"end":{"line":108,"column":16}},"23":{"start":{"line":122,"column":8},"end":{"line":122,"column":56}},"24":{"start":{"line":123,"column":8},"end":{"line":123,"column":20}},"25":{"start":{"line":137,"column":8},"end":{"line":137,"column":28}},"26":{"start":{"line":137,"column":20},"end":{"line":137,"column":28}},"27":{"start":{"line":138,"column":8},"end":{"line":138,"column":25}},"28":{"start":{"line":139,"column":8},"end":{"line":139,"column":63}},"29":{"start":{"line":140,"column":8},"end":{"line":140,"column":16}},"30":{"start":{"line":156,"column":8},"end":{"line":156,"column":51}},"31":{"start":{"line":157,"column":8},"end":{"line":157,"column":20}},"32":{"start":{"line":173,"column":8},"end":{"line":173,"column":49}},"33":{"start":{"line":174,"column":8},"end":{"line":174,"column":20}},"34":{"start":{"line":195,"column":8},"end":{"line":195,"column":36}},"35":{"start":{"line":196,"column":8},"end":{"line":196,"column":20}},"36":{"start":{"line":219,"column":8},"end":{"line":219,"column":35}},"37":{"start":{"line":220,"column":8},"end":{"line":220,"column":20}},"38":{"start":{"line":243,"column":8},"end":{"line":243,"column":35}},"39":{"start":{"line":244,"column":8},"end":{"line":244,"column":20}}},"branchMap":{"1":{"line":30,"type":"if","locations":[{"start":{"line":30,"column":8},"end":{"line":30,"column":8}},{"start":{"line":30,"column":8},"end":{"line":30,"column":8}}]},"2":{"line":44,"type":"if","locations":[{"start":{"line":44,"column":8},"end":{"line":44,"column":8}},{"start":{"line":44,"column":8},"end":{"line":44,"column":8}}]},"3":{"line":61,"type":"if","locations":[{"start":{"line":61,"column":8},"end":{"line":61,"column":8}},{"start":{"line":61,"column":8},"end":{"line":61,"column":8}}]},"4":{"line":63,"type":"if","locations":[{"start":{"line":63,"column":8},"end":{"line":63,"column":8}},{"start":{"line":63,"column":8},"end":{"line":63,"column":8}}]},"5":{"line":77,"type":"if","locations":[{"start":{"line":77,"column":8},"end":{"line":77,"column":8}},{"start":{"line":77,"column":8},"end":{"line":77,"column":8}}]},"6":{"line":91,"type":"if","locations":[{"start":{"line":91,"column":8},"end":{"line":91,"column":8}},{"start":{"line":91,"column":8},"end":{"line":91,"column":8}}]},"7":{"line":107,"type":"if","locations":[{"start":{"line":107,"column":8},"end":{"line":107,"column":8}},{"start":{"line":107,"column":8},"end":{"line":107,"column":8}}]},"8":{"line":122,"type":"if","locations":[{"start":{"line":122,"column":8},"end":{"line":122,"column":8}},{"start":{"line":122,"column":8},"end":{"line":122,"column":8}}]},"9":{"line":137,"type":"if","locations":[{"start":{"line":137,"column":8},"end":{"line":137,"column":8}},{"start":{"line":137,"column":8},"end":{"line":137,"column":8}}]},"10":{"line":139,"type":"if","locations":[{"start":{"line":139,"column":8},"end":{"line":139,"column":8}},{"start":{"line":139,"column":8},"end":{"line":139,"column":8}}]},"11":{"line":156,"type":"if","locations":[{"start":{"line":156,"column":8},"end":{"line":156,"column":8}},{"start":{"line":156,"column":8},"end":{"line":156,"column":8}}]},"12":{"line":173,"type":"if","locations":[{"start":{"line":173,"column":8},"end":{"line":173,"column":8}},{"start":{"line":173,"column":8},"end":{"line":173,"column":8}}]},"13":{"line":195,"type":"if","locations":[{"start":{"line":195,"column":8},"end":{"line":195,"column":8}},{"start":{"line":195,"column":8},"end":{"line":195,"column":8}}]},"14":{"line":219,"type":"if","locations":[{"start":{"line":219,"column":8},"end":{"line":219,"column":8}},{"start":{"line":219,"column":8},"end":{"line":219,"column":8}}]},"15":{"line":243,"type":"if","locations":[{"start":{"line":243,"column":8},"end":{"line":243,"column":8}},{"start":{"line":243,"column":8},"end":{"line":243,"column":8}}]}}},"contracts/libraries/SafeERC20.sol":{"l":{"27":1,"39":4,"61":0,"65":0,"76":0,"78":0,"93":0,"98":0,"119":5,"124":4,"127":4},"path":"/home/bhupendra/token-lock/contracts/libraries/SafeERC20.sol","s":{"1":1,"2":4,"3":0,"4":0,"5":0,"6":0,"7":0,"8":0,"9":5,"10":4,"11":4},"b":{"1":[0,0],"2":[4,0],"3":[4,0]},"f":{"1":1,"2":4,"3":0,"4":0,"5":0,"6":5},"fnMap":{"1":{"name":"safeTransfer","line":22,"loc":{"start":{"line":22,"column":4},"end":{"line":31,"column":4}}},"2":{"name":"safeTransferFrom","line":33,"loc":{"start":{"line":33,"column":4},"end":{"line":43,"column":4}}},"3":{"name":"safeApprove","line":52,"loc":{"start":{"line":52,"column":4},"end":{"line":69,"column":4}}},"4":{"name":"safeIncreaseAllowance","line":71,"loc":{"start":{"line":71,"column":4},"end":{"line":86,"column":4}}},"5":{"name":"safeDecreaseAllowance","line":88,"loc":{"start":{"line":88,"column":4},"end":{"line":106,"column":4}}},"6":{"name":"_callOptionalReturn","line":114,"loc":{"start":{"line":114,"column":4},"end":{"line":132,"column":4}}}},"statementMap":{"1":{"start":{"line":27,"column":8},"end":{"line":27,"column":823}},"2":{"start":{"line":39,"column":8},"end":{"line":39,"column":1094}},"3":{"start":{"line":61,"column":8},"end":{"line":61,"column":1877}},"4":{"start":{"line":65,"column":8},"end":{"line":65,"column":2050}},"5":{"start":{"line":76,"column":8},"end":{"line":76,"column":2367}},"6":{"start":{"line":78,"column":8},"end":{"line":78,"column":2408}},"7":{"start":{"line":93,"column":8},"end":{"line":93,"column":2745}},"8":{"start":{"line":98,"column":8},"end":{"line":98,"column":2926}},"9":{"start":{"line":119,"column":8},"end":{"line":119,"column":3933}},"10":{"start":{"line":124,"column":8},"end":{"line":124,"column":4091}},"11":{"start":{"line":127,"column":12},"end":{"line":127,"column":4232}}},"branchMap":{"1":{"line":61,"type":"if","locations":[{"start":{"line":61,"column":8},"end":{"line":61,"column":8}},{"start":{"line":61,"column":8},"end":{"line":61,"column":8}}]},"2":{"line":124,"type":"if","locations":[{"start":{"line":124,"column":8},"end":{"line":124,"column":8}},{"start":{"line":124,"column":8},"end":{"line":124,"column":8}}]},"3":{"line":127,"type":"if","locations":[{"start":{"line":127,"column":12},"end":{"line":127,"column":12}},{"start":{"line":127,"column":12},"end":{"line":127,"column":12}}]}}},"contracts/MOCKERC20.sol":{"l":{"14":6},"path":"/home/bhupendra/token-lock/contracts/MOCKERC20.sol","s":{"1":6},"b":{},"f":{"1":6},"fnMap":{"1":{"name":"constructor","line":13,"loc":{"start":{"line":9,"column":2},"end":{"line":15,"column":2}}}},"statementMap":{"1":{"start":{"line":14,"column":4},"end":{"line":14,"column":29}}},"branchMap":{}},"contracts/ownable/Context.sol":{"l":{"17":28,"21":0,"22":0},"path":"/home/bhupendra/token-lock/contracts/ownable/Context.sol","s":{"1":28,"2":0},"b":{},"f":{"1":28,"2":0},"fnMap":{"1":{"name":"_msgSender","line":16,"loc":{"start":{"line":16,"column":4},"end":{"line":18,"column":4}}},"2":{"name":"_msgData","line":20,"loc":{"start":{"line":20,"column":4},"end":{"line":23,"column":4}}}},"statementMap":{"1":{"start":{"line":17,"column":8},"end":{"line":17,"column":25}},"2":{"start":{"line":22,"column":8},"end":{"line":22,"column":23}}},"branchMap":{}},"contracts/ownable/Ownable.sol":{"l":{"24":3,"25":3,"26":3,"33":15,"34":13,"41":2,"42":1,"53":1,"54":1,"62":1,"66":1,"67":1},"path":"/home/bhupendra/token-lock/contracts/ownable/Ownable.sol","s":{"1":3,"2":3,"3":3,"4":15,"5":2,"6":1,"7":1,"8":1,"9":1,"10":1},"b":{"1":[13,2],"2":[1,1],"3":[1,0]},"f":{"1":3,"2":15,"3":2,"4":1,"5":1},"fnMap":{"1":{"name":"constructor","line":23,"loc":{"start":{"line":23,"column":4},"end":{"line":27,"column":4}}},"2":{"name":"onlyOwner","line":32,"loc":{"start":{"line":32,"column":4},"end":{"line":35,"column":4}}},"3":{"name":"onlyAdmin","line":40,"loc":{"start":{"line":40,"column":4},"end":{"line":43,"column":4}}},"4":{"name":"renounceOwnership","line":52,"loc":{"start":{"line":52,"column":4},"end":{"line":55,"column":4}}},"5":{"name":"transferOwnership","line":61,"loc":{"start":{"line":61,"column":4},"end":{"line":68,"column":4}}}},"statementMap":{"1":{"start":{"line":24,"column":8},"end":{"line":24,"column":27}},"2":{"start":{"line":25,"column":8},"end":{"line":25,"column":28}},"3":{"start":{"line":26,"column":8},"end":{"line":26,"column":52}},"4":{"start":{"line":33,"column":8},"end":{"line":33,"column":73}},"5":{"start":{"line":41,"column":8},"end":{"line":41,"column":74}},"6":{"start":{"line":53,"column":8},"end":{"line":53,"column":48}},"7":{"start":{"line":54,"column":8},"end":{"line":54,"column":21}},"8":{"start":{"line":62,"column":8},"end":{"line":62,"column":1800}},"9":{"start":{"line":66,"column":8},"end":{"line":66,"column":50}},"10":{"start":{"line":67,"column":8},"end":{"line":67,"column":23}}},"branchMap":{"1":{"line":33,"type":"if","locations":[{"start":{"line":33,"column":8},"end":{"line":33,"column":8}},{"start":{"line":33,"column":8},"end":{"line":33,"column":8}}]},"2":{"line":41,"type":"if","locations":[{"start":{"line":41,"column":8},"end":{"line":41,"column":8}},{"start":{"line":41,"column":8},"end":{"line":41,"column":8}}]},"3":{"line":62,"type":"if","locations":[{"start":{"line":62,"column":8},"end":{"line":62,"column":8}},{"start":{"line":62,"column":8},"end":{"line":62,"column":8}}]}}},"contracts/TimelockWallet.sol":{"l":{"38":3,"42":3,"43":3,"55":6,"56":5,"58":4,"59":4,"60":3,"71":4,"72":3,"76":2,"78":1,"79":1,"81":1,"82":1,"97":2,"101":1,"102":1,"111":9},"path":"/home/bhupendra/token-lock/contracts/TimelockWallet.sol","s":{"1":3,"2":3,"3":3,"4":6,"5":5,"6":4,"7":4,"8":3,"9":4,"10":3,"11":2,"12":1,"13":1,"14":1,"15":1,"16":2,"17":1,"18":1,"19":9},"b":{"1":[3,0],"2":[5,1],"3":[4,1],"4":[3,1],"5":[2,1],"6":[1,1],"7":[1,1]},"f":{"1":3,"2":6,"3":4,"4":2,"5":9},"fnMap":{"1":{"name":"constructor","line":37,"loc":{"start":{"line":37,"column":2},"end":{"line":44,"column":2}}},"2":{"name":"lockToken","line":54,"loc":{"start":{"line":54,"column":2},"end":{"line":61,"column":2}}},"3":{"name":"safeWithdraw","line":70,"loc":{"start":{"line":70,"column":2},"end":{"line":83,"column":2}}},"4":{"name":"updateUnlockTime","line":94,"loc":{"start":{"line":92,"column":2},"end":{"line":103,"column":2}}},"5":{"name":"getNow","line":110,"loc":{"start":{"line":110,"column":2},"end":{"line":112,"column":2}}}},"statementMap":{"1":{"start":{"line":38,"column":4},"end":{"line":38,"column":1120}},"2":{"start":{"line":42,"column":4},"end":{"line":42,"column":23}},"3":{"start":{"line":43,"column":4},"end":{"line":43,"column":44}},"4":{"start":{"line":55,"column":4},"end":{"line":55,"column":75}},"5":{"start":{"line":56,"column":4},"end":{"line":56,"column":60}},"6":{"start":{"line":58,"column":4},"end":{"line":58,"column":66}},"7":{"start":{"line":59,"column":4},"end":{"line":59,"column":66}},"8":{"start":{"line":60,"column":4},"end":{"line":60,"column":46}},"9":{"start":{"line":71,"column":4},"end":{"line":71,"column":75}},"10":{"start":{"line":72,"column":4},"end":{"line":72,"column":2308}},"11":{"start":{"line":76,"column":4},"end":{"line":76,"column":66}},"12":{"start":{"line":78,"column":4},"end":{"line":78,"column":44}},"13":{"start":{"line":79,"column":4},"end":{"line":79,"column":29}},"14":{"start":{"line":81,"column":4},"end":{"line":81,"column":44}},"15":{"start":{"line":82,"column":4},"end":{"line":82,"column":43}},"16":{"start":{"line":97,"column":4},"end":{"line":97,"column":2966}},"17":{"start":{"line":101,"column":4},"end":{"line":101,"column":44}},"18":{"start":{"line":102,"column":4},"end":{"line":102,"column":15}},"19":{"start":{"line":111,"column":4},"end":{"line":111,"column":26}}},"branchMap":{"1":{"line":38,"type":"if","locations":[{"start":{"line":38,"column":4},"end":{"line":38,"column":4}},{"start":{"line":38,"column":4},"end":{"line":38,"column":4}}]},"2":{"line":55,"type":"if","locations":[{"start":{"line":55,"column":4},"end":{"line":55,"column":4}},{"start":{"line":55,"column":4},"end":{"line":55,"column":4}}]},"3":{"line":56,"type":"if","locations":[{"start":{"line":56,"column":4},"end":{"line":56,"column":4}},{"start":{"line":56,"column":4},"end":{"line":56,"column":4}}]},"4":{"line":71,"type":"if","locations":[{"start":{"line":71,"column":4},"end":{"line":71,"column":4}},{"start":{"line":71,"column":4},"end":{"line":71,"column":4}}]},"5":{"line":72,"type":"if","locations":[{"start":{"line":72,"column":4},"end":{"line":72,"column":4}},{"start":{"line":72,"column":4},"end":{"line":72,"column":4}}]},"6":{"line":76,"type":"if","locations":[{"start":{"line":76,"column":4},"end":{"line":76,"column":4}},{"start":{"line":76,"column":4},"end":{"line":76,"column":4}}]},"7":{"line":97,"type":"if","locations":[{"start":{"line":97,"column":4},"end":{"line":97,"column":4}},{"start":{"line":97,"column":4},"end":{"line":97,"column":4}}]}}},"contracts/utility/Address.sol":{"l":{"31":5,"33":5,"36":5,"56":0,"62":0,"63":0,"91":0,"105":5,"124":0,"145":5,"149":5,"152":5,"154":5,"168":0,"187":0,"190":0,"191":0,"204":0,"223":0,"226":0,"227":0,"235":5,"236":4,"239":1,"243":1,"248":0},"path":"/home/bhupendra/token-lock/contracts/utility/Address.sol","s":{"1":5,"2":5,"3":0,"4":0,"5":0,"6":0,"7":5,"8":0,"9":5,"10":5,"11":5,"12":5,"13":0,"14":0,"15":0,"16":0,"17":0,"18":0,"19":0,"20":0,"21":5,"22":4,"23":1,"24":0},"b":{"1":[0,0],"2":[0,0],"3":[5,0],"4":[5,0],"5":[0,0],"6":[0,0],"7":[4,1],"8":[1,0]},"f":{"1":5,"2":0,"3":0,"4":5,"5":0,"6":5,"7":0,"8":0,"9":0,"10":0,"11":5},"fnMap":{"1":{"name":"isContract","line":26,"loc":{"start":{"line":26,"column":4},"end":{"line":37,"column":4}}},"2":{"name":"sendValue","line":55,"loc":{"start":{"line":55,"column":4},"end":{"line":67,"column":4}}},"3":{"name":"functionCall","line":87,"loc":{"start":{"line":87,"column":4},"end":{"line":92,"column":4}}},"4":{"name":"functionCall","line":100,"loc":{"start":{"line":100,"column":4},"end":{"line":106,"column":4}}},"5":{"name":"functionCallWithValue","line":119,"loc":{"start":{"line":119,"column":4},"end":{"line":131,"column":4}}},"6":{"name":"functionCallWithValue","line":139,"loc":{"start":{"line":139,"column":4},"end":{"line":155,"column":4}}},"7":{"name":"functionStaticCall","line":163,"loc":{"start":{"line":163,"column":4},"end":{"line":174,"column":4}}},"8":{"name":"functionStaticCall","line":182,"loc":{"start":{"line":182,"column":4},"end":{"line":192,"column":4}}},"9":{"name":"functionDelegateCall","line":200,"loc":{"start":{"line":200,"column":4},"end":{"line":210,"column":4}}},"10":{"name":"functionDelegateCall","line":218,"loc":{"start":{"line":218,"column":4},"end":{"line":228,"column":4}}},"11":{"name":"_verifyCallResult","line":230,"loc":{"start":{"line":230,"column":4},"end":{"line":251,"column":4}}}},"statementMap":{"1":{"start":{"line":31,"column":8},"end":{"line":31,"column":20}},"2":{"start":{"line":36,"column":8},"end":{"line":36,"column":23}},"3":{"start":{"line":56,"column":8},"end":{"line":56,"column":2157}},"4":{"start":{"line":62,"column":8},"end":{"line":62,"column":60}},"5":{"start":{"line":63,"column":8},"end":{"line":63,"column":2414}},"6":{"start":{"line":91,"column":8},"end":{"line":91,"column":75}},"7":{"start":{"line":105,"column":8},"end":{"line":105,"column":67}},"8":{"start":{"line":124,"column":8},"end":{"line":124,"column":4432}},"9":{"start":{"line":145,"column":8},"end":{"line":145,"column":5055}},"10":{"start":{"line":149,"column":8},"end":{"line":149,"column":67}},"11":{"start":{"line":152,"column":8},"end":{"line":152,"column":5345}},"12":{"start":{"line":154,"column":8},"end":{"line":154,"column":67}},"13":{"start":{"line":168,"column":8},"end":{"line":168,"column":5791}},"14":{"start":{"line":187,"column":8},"end":{"line":187,"column":74}},"15":{"start":{"line":190,"column":8},"end":{"line":190,"column":73}},"16":{"start":{"line":191,"column":8},"end":{"line":191,"column":67}},"17":{"start":{"line":204,"column":8},"end":{"line":204,"column":6888}},"18":{"start":{"line":223,"column":8},"end":{"line":223,"column":76}},"19":{"start":{"line":226,"column":8},"end":{"line":226,"column":75}},"20":{"start":{"line":227,"column":8},"end":{"line":227,"column":67}},"21":{"start":{"line":235,"column":8},"end":{"line":235,"column":7857}},"22":{"start":{"line":236,"column":12},"end":{"line":236,"column":29}},"23":{"start":{"line":239,"column":12},"end":{"line":239,"column":8002}},"24":{"start":{"line":248,"column":16},"end":{"line":248,"column":35}}},"branchMap":{"1":{"line":56,"type":"if","locations":[{"start":{"line":56,"column":8},"end":{"line":56,"column":8}},{"start":{"line":56,"column":8},"end":{"line":56,"column":8}}]},"2":{"line":63,"type":"if","locations":[{"start":{"line":63,"column":8},"end":{"line":63,"column":8}},{"start":{"line":63,"column":8},"end":{"line":63,"column":8}}]},"3":{"line":145,"type":"if","locations":[{"start":{"line":145,"column":8},"end":{"line":145,"column":8}},{"start":{"line":145,"column":8},"end":{"line":145,"column":8}}]},"4":{"line":149,"type":"if","locations":[{"start":{"line":149,"column":8},"end":{"line":149,"column":8}},{"start":{"line":149,"column":8},"end":{"line":149,"column":8}}]},"5":{"line":187,"type":"if","locations":[{"start":{"line":187,"column":8},"end":{"line":187,"column":8}},{"start":{"line":187,"column":8},"end":{"line":187,"column":8}}]},"6":{"line":223,"type":"if","locations":[{"start":{"line":223,"column":8},"end":{"line":223,"column":8}},{"start":{"line":223,"column":8},"end":{"line":223,"column":8}}]},"7":{"line":235,"type":"if","locations":[{"start":{"line":235,"column":8},"end":{"line":235,"column":8}},{"start":{"line":235,"column":8},"end":{"line":235,"column":8}}]},"8":{"line":239,"type":"if","locations":[{"start":{"line":239,"column":12},"end":{"line":239,"column":12}},{"start":{"line":239,"column":12},"end":{"line":239,"column":12}}]}}}}