TN:
SF:/home/bhupendra/token-lock/contracts/interfaces/IERC20.sol
FNF:0
FNH:0
LF:0
LH:0
BRF:0
BRH:0
end_of_record
TN:
SF:/home/bhupendra/token-lock/contracts/libraries/math/SafeMath.sol
FN:24,tryAdd
FN:39,trySub
FN:53,tryMul
FN:72,tryDiv
FN:86,tryMod
FN:105,add
FN:121,sub
FN:136,mul
FN:155,div
FN:172,mod
FN:190,sub
FN:214,div
FN:238,mod
FNF:13
FNH:1
FNDA:0,tryAdd
FNDA:0,trySub
FNDA:0,tryMul
FNDA:0,tryDiv
FNDA:0,tryMod
FNDA:8,add
FNDA:0,sub
FNDA:0,mul
FNDA:0,div
FNDA:0,mod
FNDA:0,sub
FNDA:0,div
FNDA:0,mod
DA:29,0
DA:30,0
DA:31,0
DA:44,0
DA:45,0
DA:61,0
DA:62,0
DA:63,0
DA:64,0
DA:77,0
DA:78,0
DA:91,0
DA:92,0
DA:106,8
DA:107,8
DA:108,8
DA:122,0
DA:123,0
DA:137,0
DA:138,0
DA:139,0
DA:140,0
DA:156,0
DA:157,0
DA:173,0
DA:174,0
DA:195,0
DA:196,0
DA:219,0
DA:220,0
DA:243,0
DA:244,0
LF:32
LH:3
BRDA:30,1,0,0
BRDA:30,1,1,0
BRDA:44,2,0,0
BRDA:44,2,1,0
BRDA:61,3,0,0
BRDA:61,3,1,0
BRDA:63,4,0,0
BRDA:63,4,1,0
BRDA:77,5,0,0
BRDA:77,5,1,0
BRDA:91,6,0,0
BRDA:91,6,1,0
BRDA:107,7,0,8
BRDA:107,7,1,0
BRDA:122,8,0,0
BRDA:122,8,1,0
BRDA:137,9,0,0
BRDA:137,9,1,0
BRDA:139,10,0,0
BRDA:139,10,1,0
BRDA:156,11,0,0
BRDA:156,11,1,0
BRDA:173,12,0,0
BRDA:173,12,1,0
BRDA:195,13,0,0
BRDA:195,13,1,0
BRDA:219,14,0,0
BRDA:219,14,1,0
BRDA:243,15,0,0
BRDA:243,15,1,0
BRF:30
BRH:1
end_of_record
TN:
SF:/home/bhupendra/token-lock/contracts/libraries/SafeERC20.sol
FN:22,safeTransfer
FN:33,safeTransferFrom
FN:52,safeApprove
FN:71,safeIncreaseAllowance
FN:88,safeDecreaseAllowance
FN:114,_callOptionalReturn
FNF:6
FNH:3
FNDA:1,safeTransfer
FNDA:4,safeTransferFrom
FNDA:0,safeApprove
FNDA:0,safeIncreaseAllowance
FNDA:0,safeDecreaseAllowance
FNDA:5,_callOptionalReturn
DA:27,1
DA:39,4
DA:61,0
DA:65,0
DA:76,0
DA:78,0
DA:93,0
DA:98,0
DA:119,5
DA:124,4
DA:127,4
LF:11
LH:5
BRDA:61,1,0,0
BRDA:61,1,1,0
BRDA:124,2,0,4
BRDA:124,2,1,0
BRDA:127,3,0,4
BRDA:127,3,1,0
BRF:6
BRH:2
end_of_record
TN:
SF:/home/bhupendra/token-lock/contracts/MOCKERC20.sol
FN:13,constructor
FNF:1
FNH:1
FNDA:6,constructor
DA:14,6
LF:1
LH:1
BRF:0
BRH:0
end_of_record
TN:
SF:/home/bhupendra/token-lock/contracts/ownable/Context.sol
FN:16,_msgSender
FN:20,_msgData
FNF:2
FNH:1
FNDA:28,_msgSender
FNDA:0,_msgData
DA:17,28
DA:21,0
DA:22,0
LF:3
LH:1
BRF:0
BRH:0
end_of_record
TN:
SF:/home/bhupendra/token-lock/contracts/ownable/Ownable.sol
FN:23,constructor
FN:32,onlyOwner
FN:40,onlyAdmin
FN:52,renounceOwnership
FN:61,transferOwnership
FNF:5
FNH:5
FNDA:3,constructor
FNDA:15,onlyOwner
FNDA:2,onlyAdmin
FNDA:1,renounceOwnership
FNDA:1,transferOwnership
DA:24,3
DA:25,3
DA:26,3
DA:33,15
DA:34,13
DA:41,2
DA:42,1
DA:53,1
DA:54,1
DA:62,1
DA:66,1
DA:67,1
LF:12
LH:12
BRDA:33,1,0,13
BRDA:33,1,1,2
BRDA:41,2,0,1
BRDA:41,2,1,1
BRDA:62,3,0,1
BRDA:62,3,1,0
BRF:6
BRH:5
end_of_record
TN:
SF:/home/bhupendra/token-lock/contracts/TimelockWallet.sol
FN:37,constructor
FN:54,lockToken
FN:70,safeWithdraw
FN:94,updateUnlockTime
FN:110,getNow
FNF:5
FNH:5
FNDA:3,constructor
FNDA:6,lockToken
FNDA:4,safeWithdraw
FNDA:2,updateUnlockTime
FNDA:9,getNow
DA:38,3
DA:42,3
DA:43,3
DA:55,6
DA:56,5
DA:58,4
DA:59,4
DA:60,3
DA:71,4
DA:72,3
DA:76,2
DA:78,1
DA:79,1
DA:81,1
DA:82,1
DA:97,2
DA:101,1
DA:102,1
DA:111,9
LF:19
LH:19
BRDA:38,1,0,3
BRDA:38,1,1,0
BRDA:55,2,0,5
BRDA:55,2,1,1
BRDA:56,3,0,4
BRDA:56,3,1,1
BRDA:71,4,0,3
BRDA:71,4,1,1
BRDA:72,5,0,2
BRDA:72,5,1,1
BRDA:76,6,0,1
BRDA:76,6,1,1
BRDA:97,7,0,1
BRDA:97,7,1,1
BRF:14
BRH:13
end_of_record
TN:
SF:/home/bhupendra/token-lock/contracts/utility/Address.sol
FN:26,isContract
FN:55,sendValue
FN:87,functionCall
FN:100,functionCall
FN:119,functionCallWithValue
FN:139,functionCallWithValue
FN:163,functionStaticCall
FN:182,functionStaticCall
FN:200,functionDelegateCall
FN:218,functionDelegateCall
FN:230,_verifyCallResult
FNF:11
FNH:4
FNDA:5,isContract
FNDA:0,sendValue
FNDA:0,functionCall
FNDA:5,functionCall
FNDA:0,functionCallWithValue
FNDA:5,functionCallWithValue
FNDA:0,functionStaticCall
FNDA:0,functionStaticCall
FNDA:0,functionDelegateCall
FNDA:0,functionDelegateCall
FNDA:5,_verifyCallResult
DA:31,5
DA:33,5
DA:36,5
DA:56,0
DA:62,0
DA:63,0
DA:91,0
DA:105,5
DA:124,0
DA:145,5
DA:149,5
DA:152,5
DA:154,5
DA:168,0
DA:187,0
DA:190,0
DA:191,0
DA:204,0
DA:223,0
DA:226,0
DA:227,0
DA:235,5
DA:236,4
DA:239,1
DA:243,1
DA:248,0
LF:26
LH:12
BRDA:56,1,0,0
BRDA:56,1,1,0
BRDA:63,2,0,0
BRDA:63,2,1,0
BRDA:145,3,0,5
BRDA:145,3,1,0
BRDA:149,4,0,5
BRDA:149,4,1,0
BRDA:187,5,0,0
BRDA:187,5,1,0
BRDA:223,6,0,0
BRDA:223,6,1,0
BRDA:235,7,0,4
BRDA:235,7,1,1
BRDA:239,8,0,1
BRDA:239,8,1,0
BRF:16
BRH:5
end_of_record
